<?xml version="1.0" encoding="UTF-8"?>
<coverage generated="1784034006510" clover="3.2.0">
  <project timestamp="1784034006510" name="All files">
    <metrics statements="26" coveredstatements="26" conditionals="26" coveredconditionals="24" methods="3" coveredmethods="3" elements="55" coveredelements="53" complexity="0" loc="26" ncloc="26" packages="1" files="1" classes="1"/>
    <file name="checkoutBrunoFerrini.js" path="C:\Users\Yordi\Documents\SERIE400\Pruebas_Calidad\PruebasUnitarias_BrunoFerrini\BrunoFerrini\src\checkout\checkoutBrunoFerrini.js">
      <metrics statements="26" coveredstatements="26" conditionals="26" coveredconditionals="24" methods="3" coveredmethods="3"/>
      <line num="1" count="1" type="stmt"/>
      <line num="2" count="10" type="stmt"/>
      <line num="5" count="10" type="cond" truecount="4" falsecount="0"/>
      <line num="6" count="1" type="stmt"/>
      <line num="10" count="9" type="cond" truecount="4" falsecount="0"/>
      <line num="11" count="1" type="stmt"/>
      <line num="15" count="8" type="stmt"/>
      <line num="16" count="8" type="cond" truecount="2" falsecount="0"/>
      <line num="17" count="1" type="stmt"/>
      <line num="21" count="7" type="stmt"/>
      <line num="22" count="7" type="cond" truecount="2" falsecount="0"/>
      <line num="23" count="1" type="stmt"/>
      <line num="27" count="6" type="cond" truecount="2" falsecount="0"/>
      <line num="28" count="6" type="cond" truecount="2" falsecount="0"/>
      <line num="29" count="1" type="stmt"/>
      <line num="33" count="5" type="cond" truecount="1" falsecount="1"/>
      <line num="35" count="5" type="cond" truecount="4" falsecount="0"/>
      <line num="36" count="2" type="stmt"/>
      <line num="40" count="3" type="cond" truecount="2" falsecount="0"/>
      <line num="41" count="1" type="stmt"/>
      <line num="45" count="2" type="stmt"/>
      <line num="48" count="1" type="stmt"/>
      <line num="49" count="2" type="stmt"/>
      <line num="50" count="2" type="cond" truecount="1" falsecount="1"/>
      <line num="52" count="2" type="stmt"/>
      <line num="58" count="1" type="stmt"/>
    </file>
  </project>
</coverage>
