{"C:\\Users\\Yordi\\Documents\\SERIE400\\Pruebas_Calidad\\PruebasUnitarias_BrunoFerrini\\BrunoFerrini\\src\\checkout\\checkoutBrunoFerrini.js": {"path":"C:\\Users\\Yordi\\Documents\\SERIE400\\Pruebas_Calidad\\PruebasUnitarias_BrunoFerrini\\BrunoFerrini\\src\\checkout\\checkoutBrunoFerrini.js","statementMap":{"0":{"start":{"line":1,"column":24},"end":{"line":46,"column":1}},"1":{"start":{"line":2,"column":57},"end":{"line":2,"column":62}},"2":{"start":{"line":5,"column":2},"end":{"line":7,"column":3}},"3":{"start":{"line":6,"column":4},"end":{"line":6,"column":84}},"4":{"start":{"line":10,"column":2},"end":{"line":12,"column":3}},"5":{"start":{"line":11,"column":4},"end":{"line":11,"column":78}},"6":{"start":{"line":15,"column":24},"end":{"line":15,"column":33}},"7":{"start":{"line":16,"column":2},"end":{"line":18,"column":3}},"8":{"start":{"line":17,"column":4},"end":{"line":17,"column":104}},"9":{"start":{"line":21,"column":23},"end":{"line":21,"column":33}},"10":{"start":{"line":22,"column":2},"end":{"line":24,"column":3}},"11":{"start":{"line":23,"column":4},"end":{"line":23,"column":96}},"12":{"start":{"line":27,"column":22},"end":{"line":27,"column":100}},"13":{"start":{"line":27,"column":52},"end":{"line":27,"column":96}},"14":{"start":{"line":28,"column":2},"end":{"line":30,"column":3}},"15":{"start":{"line":29,"column":4},"end":{"line":29,"column":102}},"16":{"start":{"line":33,"column":2},"end":{"line":43,"column":3}},"17":{"start":{"line":35,"column":4},"end":{"line":37,"column":5}},"18":{"start":{"line":36,"column":6},"end":{"line":36,"column":107}},"19":{"start":{"line":40,"column":4},"end":{"line":42,"column":5}},"20":{"start":{"line":41,"column":6},"end":{"line":41,"column":85}},"21":{"start":{"line":45,"column":2},"end":{"line":45,"column":45}},"22":{"start":{"line":48,"column":22},"end":{"line":56,"column":1}},"23":{"start":{"line":49,"column":21},"end":{"line":49,"column":59}},"24":{"start":{"line":50,"column":2},"end":{"line":50,"column":43}},"25":{"start":{"line":50,"column":25},"end":{"line":50,"column":43}},"26":{"start":{"line":52,"column":2},"end":{"line":55,"column":4}},"27":{"start":{"line":58,"column":0},"end":{"line":58,"column":52}}},"fnMap":{"0":{"name":"(anonymous_0)","decl":{"start":{"line":1,"column":24},"end":{"line":1,"column":25}},"loc":{"start":{"line":1,"column":51},"end":{"line":46,"column":1}},"line":1},"1":{"name":"(anonymous_1)","decl":{"start":{"line":27,"column":35},"end":{"line":27,"column":36}},"loc":{"start":{"line":27,"column":52},"end":{"line":27,"column":96}},"line":27},"2":{"name":"(anonymous_2)","decl":{"start":{"line":48,"column":22},"end":{"line":48,"column":23}},"loc":{"start":{"line":48,"column":49},"end":{"line":56,"column":1}},"line":48}},"branchMap":{"0":{"loc":{"start":{"line":5,"column":2},"end":{"line":7,"column":3}},"type":"if","locations":[{"start":{"line":5,"column":2},"end":{"line":7,"column":3}},{"start":{},"end":{}}],"line":5},"1":{"loc":{"start":{"line":5,"column":6},"end":{"line":5,"column":34}},"type":"binary-expr","locations":[{"start":{"line":5,"column":6},"end":{"line":5,"column":12}},{"start":{"line":5,"column":16},"end":{"line":5,"column":34}}],"line":5},"2":{"loc":{"start":{"line":10,"column":2},"end":{"line":12,"column":3}},"type":"if","locations":[{"start":{"line":10,"column":2},"end":{"line":12,"column":3}},{"start":{},"end":{}}],"line":10},"3":{"loc":{"start":{"line":10,"column":6},"end":{"line":10,"column":43}},"type":"binary-expr","locations":[{"start":{"line":10,"column":6},"end":{"line":10,"column":16}},{"start":{"line":10,"column":20},"end":{"line":10,"column":43}}],"line":10},"4":{"loc":{"start":{"line":16,"column":2},"end":{"line":18,"column":3}},"type":"if","locations":[{"start":{"line":16,"column":2},"end":{"line":18,"column":3}},{"start":{},"end":{}}],"line":16},"5":{"loc":{"start":{"line":22,"column":2},"end":{"line":24,"column":3}},"type":"if","locations":[{"start":{"line":22,"column":2},"end":{"line":24,"column":3}},{"start":{},"end":{}}],"line":22},"6":{"loc":{"start":{"line":27,"column":76},"end":{"line":27,"column":94}},"type":"binary-expr","locations":[{"start":{"line":27,"column":76},"end":{"line":27,"column":89}},{"start":{"line":27,"column":93},"end":{"line":27,"column":94}}],"line":27},"7":{"loc":{"start":{"line":28,"column":2},"end":{"line":30,"column":3}},"type":"if","locations":[{"start":{"line":28,"column":2},"end":{"line":30,"column":3}},{"start":{},"end":{}}],"line":28},"8":{"loc":{"start":{"line":33,"column":2},"end":{"line":43,"column":3}},"type":"if","locations":[{"start":{"line":33,"column":2},"end":{"line":43,"column":3}},{"start":{},"end":{}}],"line":33},"9":{"loc":{"start":{"line":35,"column":4},"end":{"line":37,"column":5}},"type":"if","locations":[{"start":{"line":35,"column":4},"end":{"line":37,"column":5}},{"start":{},"end":{}}],"line":35},"10":{"loc":{"start":{"line":35,"column":8},"end":{"line":35,"column":45}},"type":"binary-expr","locations":[{"start":{"line":35,"column":8},"end":{"line":35,"column":24}},{"start":{"line":35,"column":28},"end":{"line":35,"column":45}}],"line":35},"11":{"loc":{"start":{"line":40,"column":4},"end":{"line":42,"column":5}},"type":"if","locations":[{"start":{"line":40,"column":4},"end":{"line":42,"column":5}},{"start":{},"end":{}}],"line":40},"12":{"loc":{"start":{"line":50,"column":2},"end":{"line":50,"column":43}},"type":"if","locations":[{"start":{"line":50,"column":2},"end":{"line":50,"column":43}},{"start":{},"end":{}}],"line":50}},"s":{"0":1,"1":10,"2":10,"3":1,"4":9,"5":1,"6":8,"7":8,"8":1,"9":7,"10":7,"11":1,"12":6,"13":6,"14":6,"15":1,"16":5,"17":5,"18":2,"19":3,"20":1,"21":2,"22":1,"23":2,"24":2,"25":0,"26":2,"27":1},"f":{"0":10,"1":6,"2":2},"b":{"0":[1,9],"1":[10,10],"2":[1,8],"3":[9,9],"4":[1,7],"5":[1,6],"6":[6,3],"7":[1,5],"8":[5,0],"9":[2,3],"10":[5,4],"11":[1,2],"12":[0,2]},"_coverageSchema":"1a1c01bbd47fc00a2c39e90264f33305004495a9","hash":"c9c1d8e4fffe8caeddfe40d2e96706e6459cf949"}
}
