TN:
SF:BrunoFerrini\src\checkout\checkoutBrunoFerrini.js
FN:1,(anonymous_0)
FN:27,(anonymous_1)
FN:48,(anonymous_2)
FNF:3
FNH:3
FNDA:10,(anonymous_0)
FNDA:6,(anonymous_1)
FNDA:2,(anonymous_2)
DA:1,1
DA:2,10
DA:5,10
DA:6,1
DA:10,9
DA:11,1
DA:15,8
DA:16,8
DA:17,1
DA:21,7
DA:22,7
DA:23,1
DA:27,6
DA:28,6
DA:29,1
DA:33,5
DA:35,5
DA:36,2
DA:40,3
DA:41,1
DA:45,2
DA:48,1
DA:49,2
DA:50,2
DA:52,2
DA:58,1
LF:26
LH:26
BRDA:5,0,0,1
BRDA:5,0,1,9
BRDA:5,1,0,10
BRDA:5,1,1,10
BRDA:10,2,0,1
BRDA:10,2,1,8
BRDA:10,3,0,9
BRDA:10,3,1,9
BRDA:16,4,0,1
BRDA:16,4,1,7
BRDA:22,5,0,1
BRDA:22,5,1,6
BRDA:27,6,0,6
BRDA:27,6,1,3
BRDA:28,7,0,1
BRDA:28,7,1,5
BRDA:33,8,0,5
BRDA:33,8,1,0
BRDA:35,9,0,2
BRDA:35,9,1,3
BRDA:35,10,0,5
BRDA:35,10,1,4
BRDA:40,11,0,1
BRDA:40,11,1,2
BRDA:50,12,0,0
BRDA:50,12,1,2
BRF:26
BRH:24
end_of_record
